CHECK forward SMS

Sat May 30 13:57:23 HKT 2020
Sat May 30 13:57:23 HKT 2020
send json start in php
send json to http://202.104.186.90/goip/1.php 
recv:{"goip_line":"A02","from_number":"10086","content":"\u5c0a\u656c\u7684\u5ba2\u6237\uff0c\u4e2d\u56fd\u79fb\u52a8\u8bda\u9080\u60a8\u53c2\u52a0\u201c\u611f\u606920\u5e74\uff0c\u89c1\u8bc1\u7f8e\u597d\u6539\u53d8\u201d\u5468\u5e74\u5e86\u6d3b\u52a8\u30022020\u5e746\u670830\u65e5\u524d\u70b9\u51fb https:\/\/dx.10086.cn\/LK6QDA \u9886\u53d6\u60a8\u7684\u7f51\u9f84\u52cb\u7ae0\uff08\u65e0\u9700\u6536\u53d6\u4efb\u4f55\u8d39\u7528\uff09\uff0c\u4eab\u53d7\u4e94\u5927\u6743\u76ca\u670d\u52a1\uff0c\u611f\u8c22\u60a8\u7684\u53c2\u4e0e\u3002\u5982\u6709\u7591\u95ee\uff0c\u56de\u590d0\u5bfb\u6c42\u5ba2\u670d\u5e2e\u52a9\u3002\u3010\u4e2d\u56fd\u79fb\u52a8\u3011","recv_time":"2020-05-30 13:57:23"}
send json end in php
Mon Jun  1 17:02:53 HKT 2020
Mon Jun  1 17:02:53 HKT 2020
CHECK forward SMS

send json start in php
send json to http://202.104.186.90/goip/1.php 
recv:{"goip_line":"A01","from_number":"10086","content":"\u5c0a\u656c\u7684\u5ba2\u6237\uff1a\u60a8\u4e8e2020\u5e7406\u670801\u65e5\u6210\u529f\u6263\u8d39\u660e\u7ec6\u5982\u4e0b\uff1a8\u51434G\u98de\u4eab\u6d41\u91cf\u7279\u60e0\u5957\u99108.00\u5143\uff0c[\u5e7f\u4e1c]\u672c\u57305\u5143\u77ed\u53f7\u7f51\u5957\u9910(1)5.00\u5143\u3002\u3010\u4e2d\u56fd\u79fb\u52a8\u3011\r\r\n","recv_time":"2020-06-01 17:02:53"}
send json end in php
Tue Jun  2 18:53:55 HKT 2020
Tue Jun  2 18:53:55 HKT 2020
CHECK forward SMS

send json start in php
send json to http://202.104.186.90/goip/1.php 
recv:{"goip_line":"A02","from_number":"10086","content":"\u3010\u7701\u5b89\u59d4\u529e\u3001\u7701\u5e94\u6025\u7ba1\u7406\u5385\u3011\u63d0\u9192\u60a8\uff1a\u5e7f\u4e1c\u77012020\u5e74\u201c\u5b89\u5168\u751f\u4ea7\u6708\u201d\u548c\u201c\u5b89\u5168\u751f\u4ea7\u5357\u7ca4\u884c\u201d\u6d3b\u52a8\u4e8e6\u67081\u65e5\u6b63\u5f0f\u542f\u52a8\uff0c\u4e3b\u9898\u662f\u201c\u6d88\u9664\u4e8b\u6545\u9690\u60a3\uff0c\u7b51\u7262\u5b89\u5168\u9632\u7ebf\u201d\u3002\u5b89\u5168\u751f\u4ea7\u79bb\u4e0d\u5f00\u60a8\u7684\u5173\u5fc3\uff0c\u5b89\u5168\u53d1\u5c55\u79bb\u4e0d\u5f00\u60a8\u7684\u53c2\u4e0e\uff0c\u6b22\u8fce\u5927\u5bb6\u53c2\u4e0e\u5168\u7701\u5404\u5730\u3001\u5404\u6709\u5173\u5355\u4f4d\u5f00\u5c55\u7684\u7cfb\u5217\u5b89\u5168\u5ba3\u4f20\u6559\u80b2\u6d3b\u52a8\uff0c\u5171\u540c\u6811\u7262\u5b89\u5168\u53d1\u5c55\u7406\u5ff5\uff0c\u63d0\u9ad8\u5b89\u5168\u9632\u8303\u610f\u8bc6\u3002\u5b89\u5168\u4f60\u6211\u4ed6\uff0c\u5e73\u5b89\u9760\u5927\u5bb6\uff01","recv_time":"2020-06-02 18:53:55"}
send json end in php
Fri Jun  5 13:40:54 HKT 2020
Fri Jun  5 13:40:54 HKT 2020
CHECK forward SMS

send json start in php
send json to http://202.104.186.90/goip/1.php 
recv:{"goip_line":"A02","from_number":"123790755","content":"\u3010\u6df1\u5733\u7a81\u53d1\u4e8b\u4ef6\u9884\u8b66\u3011\u5e02\u5e94\u6025\u7ba1\u7406\u5c40\u3001\u5e02\u6c14\u8c61\u5c40\u63d0\u9192\uff1a6-8\u65e5\u65b0\u4e00\u8f6e\u9f99\u821f\u6c34\u6765\u88ad\uff0c\u6211\u5e02\u6709\u66b4\u96e8\u5230\u5927\u66b4\u96e8\uff0c\u8bf7\u5e02\u6c11\u505a\u597d\u9632\u8303\uff0c\u8fdc\u79bb\u5c71\u8fb9\u6cb3\u8fb9\u53ca\u4f4e\u6d3c\u6613\u6d9d\u533a\u57df\u3002","recv_time":"2020-06-05 13:40:54"}
send json end in php
CHECK forward SMS
Thu Jun 11 10:54:38 HKT 2020
Thu Jun 11 10:54:38 HKT 2020
Thu Jun 11 10:54:38 HKT 2020

send json start in php
send json to http://202.104.186.90/goip/1.php 
recv:{"goip_line":"A01","from_number":"10086","content":"\u5c0a\u656c\u7684\u5ba2\u6237\uff1a\u60a8\u5df2\u6b20\u8d391.23\u5143\uff0c\u5df2\u88ab\u505c\u673a\u3002\u5982\u9700\u5145\u503c\u53ef\u70b9\u51fb http:\/\/gd.10086.cn\/cz \u3002\u3010\u4e2d\u56fd\u79fb\u52a8\u3011","recv_time":"2020-06-11 10:54:38"}
send json end in php
http return:<!DOCTYPE HTML PUBLIC "-//IETF//DTD HTML 2.0//EN">
<html><head>
<title>404 Not Found</title>
</head><body>
<h1>Not Found</h1>
<p>The requested URL / was not found on this server.</p>
</body></html>

Thu Jun 11 11:05:05 HKT 2020
Thu Jun 11 11:05:05 HKT 2020
CHECK forward SMS

send json start in php
send json to https://service.atliv.com/ 
recv:
send json end in php
Thu Jun 11 14:08:59 HKT 2020
Thu Jun 11 14:08:59 HKT 2020
CHECK forward SMS

send json start in php
send json to https://service.atliv.com/ 
recv:
send json end in php
Fri Jun 12 13:08:49 HKT 2020
Fri Jun 12 13:08:49 HKT 2020
CHECK forward SMS

send json start in php
send json to https://service.atliv.com/ 
recv:
send json end in php
Fri Jun 12 17:30:00 HKT 2020
Fri Jun 12 17:30:00 HKT 2020
CHECK forward SMS

send json start in php
send json to https://service.atliv.com/ 
recv:
send json end in php
Sat Jun 13 08:40:05 HKT 2020
Sat Jun 13 08:40:05 HKT 2020
CHECK forward SMS

send json start in php
send json to https://service.atliv.com/ 
recv:
send json end in php
Sat Jun 13 18:06:19 HKT 2020
Sat Jun 13 18:06:19 HKT 2020
CHECK forward SMS

send json start in php
send json to https://service.atliv.com/ 
recv:
send json end in php
Mon Jun 15 22:27:45 HKT 2020
Mon Jun 15 22:27:45 HKT 2020
CHECK forward SMS

send json start in php
send json to https://service.atliv.com/ 
recv:
send json end in php
Tue Jun 16 18:39:30 HKT 2020
Tue Jun 16 18:39:30 HKT 2020
CHECK forward SMS

send json start in php
send json to https://service.atliv.com/ 
recv:
send json end in php
Mon Jun 22 15:37:44 HKT 2020
Mon Jun 22 15:37:44 HKT 2020
CHECK forward SMS

send json start in php
send json to https://service.atliv.com/ 
recv:
send json end in php
Mon Jun 22 19:41:15 HKT 2020
Mon Jun 22 19:41:15 HKT 2020
CHECK forward SMS

send json start in php
send json to https://service.atliv.com/ 
recv:
send json end in php
CHECK forward SMS

Thu Jun 25 13:20:20 HKT 2020
Thu Jun 25 13:20:20 HKT 2020
send json start in php
send json to https://service.atliv.com/ 
recv:
send json end in php
Fri Jun 26 08:06:11 HKT 2020
Fri Jun 26 08:06:11 HKT 2020
CHECK forward SMS

send json start in php
send json to https://service.atliv.com/ 
recv:
send json end in php
CHECK forward SMS

Sat Jun 27 17:25:06 HKT 2020
Sat Jun 27 17:25:06 HKT 2020
send json start in php
send json to https://service.atliv.com/ 
recv:
send json end in php
Wed Jul  1 10:30:27 HKT 2020
Wed Jul  1 10:30:27 HKT 2020
CHECK forward SMS

send json start in php
send json to https://service.atliv.com/ 
recv:
send json end in php
Fri Jul  3 16:37:29 HKT 2020
Fri Jul  3 16:37:29 HKT 2020
CHECK forward SMS

send json start in php
send json to https://service.atliv.com/ 
recv:
send json end in php
Wed Jul  8 10:36:56 HKT 2020
Wed Jul  8 10:36:56 HKT 2020
CHECK forward SMS

send json start in php
send json to https://service.atliv.com/ 
recv:
send json end in php
Wed Jul  8 15:40:56 HKT 2020
Wed Jul  8 15:40:56 HKT 2020
CHECK forward SMS

send json start in php
send json to https://service.atliv.com/ 
recv:
send json end in php
CHECK forward SMS
Sat Jul 11 08:18:56 HKT 2020
Sat Jul 11 08:18:56 HKT 2020

send json start in php
send json to https://service.atliv.com/ 
recv:
send json end in php
Sat Jul 11 16:41:12 HKT 2020
Sat Jul 11 16:41:12 HKT 2020
CHECK forward SMS

send json start in php
send json to https://service.atliv.com/ 
recv:
send json end in php
Sat Jul 11 18:25:03 HKT 2020
Sat Jul 11 18:25:03 HKT 2020
CHECK forward SMS

send json start in php
send json to https://service.atliv.com/ 
recv:
send json end in php
Sun Jul 12 14:10:48 HKT 2020
Sun Jul 12 14:10:48 HKT 2020
CHECK forward SMS

send json start in php
send json to https://service.atliv.com/ 
recv:
send json end in php
Tue Jul 14 17:30:23 HKT 2020
Tue Jul 14 17:30:23 HKT 2020
CHECK forward SMS

send json start in php
send json to https://service.atliv.com/ 
recv:
send json end in php
Wed Jul 15 22:00:53 HKT 2020
Wed Jul 15 22:00:53 HKT 2020
CHECK forward SMS

send json start in php
send json to https://service.atliv.com/ 
recv:
send json end in php
Wed Jul 15 22:22:28 HKT 2020
Wed Jul 15 22:22:28 HKT 2020
CHECK forward SMS

send json start in php
send json to https://service.atliv.com/ 
recv:
send json end in php
Thu Jul 16 08:28:41 HKT 2020
Thu Jul 16 08:28:41 HKT 2020
CHECK forward SMS

send json start in php
send json to https://service.atliv.com/ 
recv:
send json end in php
Fri Jul 17 15:03:05 HKT 2020
Fri Jul 17 15:03:05 HKT 2020
CHECK forward SMS

send json start in php
send json to https://service.atliv.com/ 
recv:
send json end in php
Fri Jul 17 16:50:22 HKT 2020
Fri Jul 17 16:50:22 HKT 2020
CHECK forward SMS

send json start in php
send json to https://service.atliv.com/ 
recv:
send json end in php
Fri Jul 17 16:56:18 HKT 2020
Fri Jul 17 16:56:18 HKT 2020
CHECK forward SMS

send json start in php
send json to https://service.atliv.com/ 
recv:
send json end in php
CHECK forward SMS
Sun Jul 19 19:11:00 HKT 2020
Sun Jul 19 19:11:00 HKT 2020

send json start in php
send json to https://service.atliv.com/ 
recv:
send json end in php
Mon Jul 20 17:34:41 HKT 2020
Mon Jul 20 17:34:41 HKT 2020
CHECK forward SMS

send json start in php
send json to https://service.atliv.com/ 
recv:
send json end in php
Mon Jul 20 19:31:35 HKT 2020
Mon Jul 20 19:31:35 HKT 2020
CHECK forward SMS

send json start in php
send json to https://service.atliv.com/ 
recv:
send json end in php
Fri Jul 24 18:58:31 HKT 2020
Fri Jul 24 18:58:31 HKT 2020
CHECK forward SMS

send json start in php
send json to https://service.atliv.com/ 
recv:
send json end in php
Mon Jul 27 14:13:36 HKT 2020
Mon Jul 27 14:13:36 HKT 2020
CHECK forward SMS

send json start in php
send json to https://service.atliv.com/ 
recv:
send json end in php
Mon Jul 27 14:13:49 HKT 2020
Mon Jul 27 14:13:49 HKT 2020
CHECK forward SMS

send json start in php
send json to https://service.atliv.com/ 
recv:
send json end in php
Mon Jul 27 20:56:55 HKT 2020
Mon Jul 27 20:56:55 HKT 2020
CHECK forward SMS

send json start in php
send json to https://service.atliv.com/ 
recv:
send json end in php
Tue Jul 28 11:06:42 HKT 2020
Tue Jul 28 11:06:42 HKT 2020
CHECK forward SMS

send json start in php
send json to https://service.atliv.com/ Tue Jul 28 11:06:43 HKT 2020
Tue Jul 28 11:06:43 HKT 2020
CHECK forward SMS

send json start in php
send json to https://service.atliv.com/ Tue Jul 28 11:06:43 HKT 2020
Tue Jul 28 11:06:43 HKT 2020
CHECK forward SMS

send json start in php
send json to https://service.atliv.com/ Tue Jul 28 11:06:43 HKT 2020
Tue Jul 28 11:06:43 HKT 2020
CHECK forward SMS

send json start in php
send json to https://service.atliv.com/ Tue Jul 28 11:06:43 HKT 2020
Tue Jul 28 11:06:43 HKT 2020
CHECK forward SMS

send json start in php
send json to https://service.atliv.com/ 
recv:
send json end in php
Tue Jul 28 11:06:44 HKT 2020
Tue Jul 28 11:06:44 HKT 2020
CHECK forward SMS

send json start in php
send json to https://service.atliv.com/ Tue Jul 28 11:06:44 HKT 2020
Tue Jul 28 11:06:44 HKT 2020
CHECK forward SMS

send json start in php
send json to https://service.atliv.com/ 
recv:
send json end in php

recv:
send json end in php

recv:
send json end in php

recv:
send json end in php

recv:
send json end in php

recv:
send json end in php
Tue Jul 28 11:07:12 HKT 2020
Tue Jul 28 11:07:12 HKT 2020
CHECK forward SMS

send json start in php
send json to https://service.atliv.com/ 
recv:
send json end in php
Tue Jul 28 11:07:20 HKT 2020
Tue Jul 28 11:07:20 HKT 2020
CHECK forward SMS

send json start in php
send json to https://service.atliv.com/ 
recv:
send json end in php
Tue Jul 28 11:48:05 HKT 2020
Tue Jul 28 11:48:05 HKT 2020
CHECK forward SMS

send json start in php
send json to https://service.atliv.com/ 
recv:
send json end in php
Tue Jul 28 11:48:11 HKT 2020
Tue Jul 28 11:48:11 HKT 2020
CHECK forward SMS

send json start in php
send json to https://service.atliv.com/ 
recv:
send json end in php
Tue Jul 28 11:49:12 HKT 2020
Tue Jul 28 11:49:13 HKT 2020
CHECK forward SMS

send json start in php
send json to https://service.atliv.com/ 
recv:
send json end in php
Wed Jul 29 10:50:54 HKT 2020
Wed Jul 29 10:50:54 HKT 2020
CHECK forward SMS

send json start in php
send json to https://service.atliv.com/ 
recv:
send json end in php
Mon Aug 17 09:08:57 HKT 2020
send json start in php
send json to https://service.atliv.com/ 
recv:
send json end in php
Mon Aug 17 09:09:36 HKT 2020
Mon Aug 17 09:09:36 HKT 2020
CHECK forward SMS

send json start in php
send json to https://service.atliv.com/ 
recv:
send json end in php
Tue Aug 18 10:57:03 HKT 2020
Tue Aug 18 10:57:03 HKT 2020
CHECK forward SMS

send json start in php
send json to https://service.atliv.com/ 
recv:
send json end in php
Tue Aug 18 13:22:26 HKT 2020
Tue Aug 18 13:22:26 HKT 2020
CHECK forward SMS

send json start in php
send json to https://service.atliv.com/ 
recv:
send json end in php
Tue Aug 18 15:03:55 HKT 2020
Tue Aug 18 15:03:55 HKT 2020
CHECK forward SMS

send json start in php
send json to https://service.atliv.com/ 
recv:
send json end in php
Tue Aug 18 15:10:34 HKT 2020
Tue Aug 18 15:10:34 HKT 2020
CHECK forward SMS

send json start in php
send json to https://service.atliv.com/ 
recv:
send json end in php
Thu Aug 20 13:44:50 HKT 2020
Thu Aug 20 13:44:50 HKT 2020
CHECK forward SMS

send json start in php
send json to https://service.atliv.com/ 
recv:
send json end in php
Thu Aug 20 14:47:12 HKT 2020
Thu Aug 20 14:47:12 HKT 2020
CHECK forward SMS

send json start in php
send json to https://service.atliv.com/ 
recv:
send json end in php
Server Start! Mon Sep  6 09:49:47 2021
<do cron>id:5826 userid:0 receiverid:(null) receiverid1:(null) receiverid2:(null) message:YE Mon Sep  6 09:49:49 2021
not find goip Mon Sep  6 09:49:49 2021
<do cron>id:5826 userid:0 receiverid:(null) receiverid1:(null) receiverid2:(null) message:YE Mon Sep  6 09:50:21 2021
DONE Mon Sep  6 09:50:21 2021
<do cron>id:5827 userid:0 receiverid:(null) receiverid1:(null) receiverid2:(null) message:YE Mon Sep  6 09:50:22 2021
DONE Mon Sep  6 09:50:22 2021
<do cron>id:5828 userid:0 receiverid:(null) receiverid1:(null) receiverid2:(null) message:YE Mon Sep  6 09:50:22 2021
send sms error:10650514 Mon Sep  6 09:50:52 2021
do send_json Mon Sep  6 09:50:52 2021
Mon Sep  6 09:50:52 HKT 2021
DONE Mon Sep  6 09:50:52 2021
send json start in php
send json to https://service.atliv.com/ 
recv:
send json end in php
<do cron>id:5832 userid:0 receiverid:(null) receiverid1:(null) receiverid2:(null) message:YE Mon Sep  6 09:52:22 2021
send sms error:10650517 Mon Sep  6 09:52:52 2021
do send_json Mon Sep  6 09:52:52 2021
Mon Sep  6 09:52:52 HKT 2021
DONE Mon Sep  6 09:52:52 2021
send json start in php
send json to https://service.atliv.com/ 
recv:
send json end in php
Server Start! Mon Feb  5 12:30:23 2024
